{
  "RSpec": {
    "coverage": {
      "/Users/ahmedelnaqah/Documents/Master Courses/SWE/Projects/cars_web_proj/carsweb/app/controllers/application_controller.rb": [
        1,
        1,
        null
      ],
      "/Users/ahmedelnaqah/Documents/Master Courses/SWE/Projects/cars_web_proj/carsweb/app/helpers/application_helper.rb": [
        1,
        null
      ],
      "/Users/ahmedelnaqah/Documents/Master Courses/SWE/Projects/cars_web_proj/carsweb/app/helpers/car_models_helper.rb": [
        1,
        null
      ],
      "/Users/ahmedelnaqah/Documents/Master Courses/SWE/Projects/cars_web_proj/carsweb/app/helpers/cars_helper.rb": [
        1,
        null
      ],
      "/Users/ahmedelnaqah/Documents/Master Courses/SWE/Projects/cars_web_proj/carsweb/app/helpers/owners_helper.rb": [
        1,
        null
      ],
      "/Users/ahmedelnaqah/Documents/Master Courses/SWE/Projects/cars_web_proj/carsweb/app/controllers/car_models_controller.rb": [
        1,
        null,
        null,
        1,
        2,
        null,
        2,
        2,
        2,
        null,
        null,
        null,
        null,
        null,
        1,
        1,
        null,
        1,
        1,
        1,
        null,
        null,
        null,
        null,
        null,
        1,
        1,
        null,
        1,
        1,
        1,
        null,
        null,
        null,
        null,
        1,
        1,
        null,
        null,
        null,
        null,
        1,
        5,
        null,
        5,
        5,
        6,
        3,
        null,
        4,
        2,
        null,
        null,
        null,
        null,
        null,
        null,
        1,
        5,
        null,
        5,
        5,
        4,
        2,
        null,
        6,
        3,
        null,
        null,
        null,
        null,
        null,
        null,
        1,
        2,
        2,
        null,
        2,
        4,
        2,
        null,
        null,
        null
      ],
      "/Users/ahmedelnaqah/Documents/Master Courses/SWE/Projects/cars_web_proj/carsweb/app/models/car_model.rb": [
        1,
        1,
        1,
        null,
        1,
        null,
        2,
        null,
        null
      ],
      "/Users/ahmedelnaqah/Documents/Master Courses/SWE/Projects/cars_web_proj/carsweb/app/controllers/cars_controller.rb": [
        1,
        null,
        null,
        1,
        4,
        1,
        1,
        null,
        3,
        null,
        4,
        4,
        4,
        4,
        null,
        null,
        null,
        null,
        null,
        1,
        1,
        null,
        1,
        1,
        1,
        null,
        null,
        null,
        null,
        null,
        1,
        1,
        1,
        1,
        1,
        1,
        null,
        null,
        null,
        null,
        1,
        1,
        1,
        null,
        null,
        null,
        null,
        1,
        5,
        null,
        5,
        5,
        6,
        3,
        null,
        4,
        2,
        null,
        null,
        null,
        null,
        null,
        null,
        1,
        5,
        null,
        5,
        5,
        4,
        2,
        null,
        6,
        3,
        null,
        null,
        null,
        null,
        null,
        null,
        1,
        2,
        2,
        null,
        2,
        4,
        2,
        null,
        null,
        null
      ],
      "/Users/ahmedelnaqah/Documents/Master Courses/SWE/Projects/cars_web_proj/carsweb/app/models/car.rb": [
        1,
        1,
        1,
        null
      ],
      "/Users/ahmedelnaqah/Documents/Master Courses/SWE/Projects/cars_web_proj/carsweb/app/controllers/owners_controller.rb": [
        1,
        null,
        null,
        1,
        2,
        null,
        2,
        2,
        2,
        null,
        null,
        null,
        null,
        null,
        1,
        1,
        null,
        1,
        1,
        1,
        null,
        null,
        null,
        null,
        null,
        1,
        1,
        null,
        1,
        1,
        1,
        null,
        null,
        null,
        null,
        1,
        1,
        null,
        null,
        null,
        null,
        1,
        5,
        null,
        5,
        5,
        6,
        3,
        null,
        4,
        2,
        null,
        null,
        null,
        null,
        null,
        null,
        1,
        5,
        null,
        5,
        5,
        4,
        2,
        null,
        6,
        3,
        null,
        null,
        null,
        null,
        null,
        null,
        1,
        2,
        2,
        null,
        2,
        4,
        2,
        null,
        null,
        null
      ],
      "/Users/ahmedelnaqah/Documents/Master Courses/SWE/Projects/cars_web_proj/carsweb/app/models/owner.rb": [
        1,
        1,
        1,
        null
      ]
    },
    "timestamp": 1356996777
  },
  "Cucumber Features": {
    "coverage": {
      "/home/ahmed/Downloads/SwEngCourse/carsweb/app/controllers/application_controller.rb": [
        1,
        1,
        1,
        null,
        1,
        20,
        null,
        1,
        null
      ],
      "/home/ahmed/Downloads/SwEngCourse/carsweb/app/helpers/application_helper.rb": [
        1,
        null
      ],
      "/home/ahmed/Downloads/SwEngCourse/carsweb/app/helpers/backend/car_models_helper.rb": [
        1,
        null
      ],
      "/home/ahmed/Downloads/SwEngCourse/carsweb/app/helpers/backend/cars_helper.rb": [
        1,
        null
      ],
      "/home/ahmed/Downloads/SwEngCourse/carsweb/app/helpers/backend/owners_helper.rb": [
        1,
        null
      ],
      "/home/ahmed/Downloads/SwEngCourse/carsweb/app/helpers/car_models_helper.rb": [
        1,
        null
      ],
      "/home/ahmed/Downloads/SwEngCourse/carsweb/app/helpers/cars_helper.rb": [
        1,
        null
      ],
      "/home/ahmed/Downloads/SwEngCourse/carsweb/app/helpers/owners_helper.rb": [
        1,
        null
      ],
      "/home/ahmed/Downloads/SwEngCourse/carsweb/app/helpers/sessions_helper.rb": [
        1,
        null
      ],
      "/home/ahmed/Downloads/SwEngCourse/carsweb/app/controllers/backend/car_models_controller.rb": [
        1,
        null,
        null,
        1,
        0,
        0,
        0,
        0,
        null,
        null,
        null,
        null,
        null,
        1,
        0,
        null,
        0,
        0,
        0,
        null,
        null,
        null,
        null,
        null,
        1,
        0,
        null,
        0,
        0,
        0,
        null,
        null,
        null,
        null,
        1,
        0,
        null,
        null,
        null,
        null,
        1,
        0,
        null,
        0,
        0,
        0,
        0,
        null,
        0,
        0,
        null,
        null,
        null,
        null,
        null,
        null,
        1,
        0,
        null,
        0,
        0,
        0,
        0,
        null,
        0,
        0,
        null,
        null,
        null,
        null,
        null,
        null,
        1,
        0,
        0,
        null,
        0,
        0,
        0,
        null,
        null,
        null
      ],
      "/home/ahmed/Downloads/SwEngCourse/carsweb/app/models/car_model.rb": [
        1,
        1,
        null,
        1,
        1,
        null,
        0,
        null,
        null
      ],
      "/home/ahmed/Downloads/SwEngCourse/carsweb/app/controllers/backend/cars_controller.rb": [
        1,
        null,
        null,
        1,
        0,
        0,
        0,
        0,
        null,
        null,
        null,
        null,
        null,
        1,
        0,
        null,
        0,
        0,
        0,
        null,
        null,
        null,
        null,
        null,
        1,
        null,
        0,
        0,
        0,
        0,
        0,
        null,
        null,
        null,
        null,
        1,
        0,
        0,
        null,
        null,
        null,
        null,
        1,
        0,
        null,
        0,
        0,
        0,
        0,
        0,
        null,
        0,
        0,
        null,
        null,
        null,
        null,
        null,
        null,
        1,
        0,
        null,
        0,
        0,
        0,
        0,
        null,
        0,
        0,
        null,
        null,
        null,
        null,
        null,
        null,
        1,
        0,
        0,
        null,
        0,
        0,
        0,
        null,
        null,
        null
      ],
      "/home/ahmed/Downloads/SwEngCourse/carsweb/app/models/car.rb": [
        1,
        1,
        null,
        1,
        null,
        1,
        0,
        0,
        null,
        0,
        null,
        null,
        null,
        null,
        null
      ],
      "/home/ahmed/Downloads/SwEngCourse/carsweb/app/controllers/backend/owners_controller.rb": [
        1,
        null,
        null,
        1,
        0,
        null,
        0,
        0,
        0,
        null,
        null,
        null,
        null,
        null,
        1,
        0,
        null,
        0,
        0,
        0,
        null,
        null,
        null,
        null,
        null,
        1,
        0,
        null,
        0,
        0,
        0,
        null,
        null,
        null,
        null,
        1,
        0,
        null,
        null,
        null,
        null,
        1,
        0,
        null,
        0,
        0,
        0,
        0,
        null,
        0,
        0,
        null,
        null,
        null,
        null,
        null,
        null,
        1,
        0,
        null,
        0,
        0,
        0,
        0,
        null,
        0,
        0,
        null,
        null,
        null,
        null,
        null,
        null,
        1,
        0,
        0,
        null,
        0,
        0,
        0,
        null,
        null,
        null
      ],
      "/home/ahmed/Downloads/SwEngCourse/carsweb/app/models/owner.rb": [
        1,
        null,
        null,
        null
      ],
      "/home/ahmed/Downloads/SwEngCourse/carsweb/app/controllers/car_models_controller.rb": [
        1,
        null,
        null,
        1,
        0,
        null,
        0,
        0,
        0,
        null,
        null,
        null,
        null,
        null,
        1,
        0,
        null,
        0,
        0,
        0,
        null,
        null,
        null,
        null,
        null,
        1,
        0,
        null,
        0,
        0,
        0,
        null,
        null,
        null,
        null,
        1,
        0,
        null,
        null,
        null,
        null,
        1,
        0,
        null,
        0,
        0,
        0,
        0,
        null,
        0,
        0,
        null,
        null,
        null,
        null,
        null,
        null,
        1,
        0,
        null,
        0,
        0,
        0,
        0,
        null,
        0,
        0,
        null,
        null,
        null,
        null,
        null,
        null,
        1,
        0,
        0,
        null,
        0,
        0,
        0,
        null,
        null,
        null
      ],
      "/home/ahmed/Downloads/SwEngCourse/carsweb/app/controllers/cars_controller.rb": [
        1,
        null,
        null,
        1,
        10,
        0,
        0,
        null,
        0,
        null,
        10,
        null,
        10,
        null,
        null,
        10,
        10,
        10,
        null,
        null,
        null,
        null,
        null,
        1,
        1,
        null,
        1,
        1,
        1,
        null,
        null,
        null,
        null,
        null,
        1,
        0,
        0,
        0,
        0,
        0,
        null,
        null,
        null,
        null,
        1,
        0,
        0,
        null,
        null,
        1,
        0,
        0,
        0,
        null,
        null,
        null,
        null,
        1,
        0,
        0,
        0,
        0,
        0,
        null,
        0,
        0,
        null,
        null,
        null,
        0,
        null,
        0,
        0,
        0,
        0,
        null,
        0,
        0,
        null,
        null,
        null,
        null,
        null,
        null,
        1,
        0,
        0,
        null,
        null,
        null,
        null,
        1,
        0,
        null,
        0,
        0,
        0,
        0,
        null,
        0,
        0,
        null,
        null,
        null,
        null,
        null,
        null,
        1,
        0,
        0,
        null,
        0,
        0,
        0,
        null,
        null,
        null,
        null
      ],
      "/home/ahmed/Downloads/SwEngCourse/carsweb/app/controllers/owners_controller.rb": [
        1,
        null,
        null,
        1,
        0,
        null,
        0,
        0,
        0,
        null,
        null,
        null,
        null,
        null,
        1,
        0,
        null,
        0,
        0,
        0,
        null,
        null,
        null,
        null,
        null,
        1,
        0,
        null,
        0,
        0,
        0,
        null,
        null,
        null,
        null,
        1,
        0,
        null,
        null,
        null,
        null,
        1,
        0,
        null,
        0,
        0,
        0,
        0,
        null,
        0,
        0,
        null,
        null,
        null,
        null,
        null,
        null,
        1,
        0,
        null,
        0,
        0,
        0,
        0,
        null,
        0,
        0,
        null,
        null,
        null,
        null,
        null,
        null,
        1,
        0,
        0,
        null,
        0,
        0,
        0,
        null,
        null,
        null
      ],
      "/home/ahmed/Downloads/SwEngCourse/carsweb/app/controllers/sessions_controller.rb": [
        1,
        1,
        0,
        null,
        null,
        0,
        0,
        null,
        null,
        1,
        0,
        0,
        null,
        null
      ],
      "/home/ahmed/Downloads/SwEngCourse/carsweb/app/controllers/users_controller.rb": [
        1,
        1,
        0,
        null,
        null,
        1,
        0,
        null,
        null,
        1,
        null,
        null,
        null,
        1,
        null,
        null,
        null
      ],
      "/home/ahmed/Downloads/SwEngCourse/carsweb/app/models/user.rb": [
        1,
        1,
        1,
        null,
        1,
        0,
        0,
        0,
        0,
        0,
        0,
        0,
        0,
        0,
        null,
        0,
        null,
        null,
        null,
        null,
        null,
        null
      ]
    },
    "timestamp": 1358095458
  }
}
